  Main.cpp
  Generating code
  Previous IPDB not found, fall back to full compilation.
  All 3325 functions were compiled because no usable IPDB/IOBJ from previous compilation was found.
  Finished generating code
  GUI.vcxproj -> C:\Users\andre\Desktop\MT_RRT\x64\Release\GUI.exe
  Impossibile trovare il percorso specificato.
  ..\front_JS\index.html
  ..\front_JS\profile.html
  ..\front_JS\image\add_pose.svg
  ..\front_JS\image\check_coll.svg
  ..\front_JS\image\debug_bubble.svg
  ..\front_JS\image\move_to_pose.svg
  ..\front_JS\image\remove_pose.svg
  ..\front_JS\image\robots.svg
  ..\front_JS\image\RRT.svg
  ..\front_JS\image\show_poses.svg
  ..\front_JS\src\profile_backup.html
  ..\front_JS\src\Robot.js
  ..\front_JS\src\Robot_Pendant.js
  ..\front_JS\src\Scene.js
  ..\front_JS\src\Scene_Floating_Pendant.js
  15 File copiati
          1 file copiati.
          1 file spostato/i.
